{"E:\\Up\\Segundo semestre.Cuarto año\\Fullstack\\tp-snake-backend\\src\\configs\\game.config.js": {"path":"E:\\Up\\Segundo semestre.Cuarto año\\Fullstack\\tp-snake-backend\\src\\configs\\game.config.js","statementMap":{"0":{"start":{"line":1,"column":19},"end":{"line":1,"column":56}},"1":{"start":{"line":2,"column":19},"end":{"line":2,"column":49}},"2":{"start":{"line":3,"column":26},"end":{"line":3,"column":63}},"3":{"start":{"line":4,"column":22},"end":{"line":4,"column":55}},"4":{"start":{"line":5,"column":24},"end":{"line":5,"column":59}},"5":{"start":{"line":6,"column":22},"end":{"line":6,"column":55}},"6":{"start":{"line":8,"column":16},"end":{"line":14,"column":1}},"7":{"start":{"line":16,"column":0},"end":{"line":18,"column":1}},"8":{"start":{"line":17,"column":4},"end":{"line":17,"column":55}},"9":{"start":{"line":20,"column":0},"end":{"line":20,"column":25}}},"fnMap":{},"branchMap":{"0":{"loc":{"start":{"line":16,"column":0},"end":{"line":18,"column":1}},"type":"if","locations":[{"start":{"line":16,"column":0},"end":{"line":18,"column":1}},{"start":{},"end":{}}],"line":16}},"s":{"0":1,"1":1,"2":1,"3":1,"4":1,"5":1,"6":1,"7":1,"8":0,"9":1},"f":{},"b":{"0":[0,1]},"_coverageSchema":"1a1c01bbd47fc00a2c39e90264f33305004495a9","hash":"977a6a58df8d1f75a2c0375693cdc0ed1d281298"}
,"E:\\Up\\Segundo semestre.Cuarto año\\Fullstack\\tp-snake-backend\\src\\constants\\errorMessages.js": {"path":"E:\\Up\\Segundo semestre.Cuarto año\\Fullstack\\tp-snake-backend\\src\\constants\\errorMessages.js","statementMap":{"0":{"start":{"line":1,"column":22},"end":{"line":24,"column":1}},"1":{"start":{"line":8,"column":48},"end":{"line":8,"column":99}},"2":{"start":{"line":10,"column":40},"end":{"line":10,"column":74}},"3":{"start":{"line":26,"column":0},"end":{"line":28,"column":1}}},"fnMap":{"0":{"name":"(anonymous_0)","decl":{"start":{"line":8,"column":29},"end":{"line":8,"column":30}},"loc":{"start":{"line":8,"column":48},"end":{"line":8,"column":99}},"line":8},"1":{"name":"(anonymous_1)","decl":{"start":{"line":10,"column":22},"end":{"line":10,"column":23}},"loc":{"start":{"line":10,"column":40},"end":{"line":10,"column":74}},"line":10}},"branchMap":{},"s":{"0":5,"1":0,"2":0,"3":5},"f":{"0":0,"1":0},"b":{},"_coverageSchema":"1a1c01bbd47fc00a2c39e90264f33305004495a9","hash":"1d1a753a0c15f5bcad0d1f2657d6860a94a3c267"}
,"E:\\Up\\Segundo semestre.Cuarto año\\Fullstack\\tp-snake-backend\\src\\constants\\events.js": {"path":"E:\\Up\\Segundo semestre.Cuarto año\\Fullstack\\tp-snake-backend\\src\\constants\\events.js","statementMap":{"0":{"start":{"line":1,"column":21},"end":{"line":8,"column":1}},"1":{"start":{"line":10,"column":21},"end":{"line":15,"column":1}},"2":{"start":{"line":17,"column":0},"end":{"line":20,"column":1}}},"fnMap":{},"branchMap":{},"s":{"0":1,"1":1,"2":1},"f":{},"b":{},"_coverageSchema":"1a1c01bbd47fc00a2c39e90264f33305004495a9","hash":"70964852295f3afce96e89e970749223108c94ce"}
,"E:\\Up\\Segundo semestre.Cuarto año\\Fullstack\\tp-snake-backend\\src\\constants\\regex.js": {"path":"E:\\Up\\Segundo semestre.Cuarto año\\Fullstack\\tp-snake-backend\\src\\constants\\regex.js","statementMap":{"0":{"start":{"line":1,"column":14},"end":{"line":3,"column":1}},"1":{"start":{"line":5,"column":0},"end":{"line":5,"column":23}}},"fnMap":{},"branchMap":{},"s":{"0":2,"1":2},"f":{},"b":{},"_coverageSchema":"1a1c01bbd47fc00a2c39e90264f33305004495a9","hash":"15a2242da6648ce81818d392c298b8df8582db46"}
,"E:\\Up\\Segundo semestre.Cuarto año\\Fullstack\\tp-snake-backend\\src\\controllers\\game.controller.js": {"path":"E:\\Up\\Segundo semestre.Cuarto año\\Fullstack\\tp-snake-backend\\src\\controllers\\game.controller.js","statementMap":{"0":{"start":{"line":1,"column":42},"end":{"line":1,"column":78}},"1":{"start":{"line":2,"column":17},"end":{"line":2,"column":46}},"2":{"start":{"line":3,"column":19},"end":{"line":3,"column":56}},"3":{"start":{"line":4,"column":22},"end":{"line":4,"column":60}},"4":{"start":{"line":5,"column":20},"end":{"line":5,"column":55}},"5":{"start":{"line":6,"column":20},"end":{"line":6,"column":57}},"6":{"start":{"line":7,"column":43},"end":{"line":7,"column":65}},"7":{"start":{"line":10,"column":19},"end":{"line":34,"column":1}},"8":{"start":{"line":11,"column":21},"end":{"line":11,"column":55}},"9":{"start":{"line":13,"column":4},"end":{"line":33,"column":21}},"10":{"start":{"line":15,"column":12},"end":{"line":20,"column":13}},"11":{"start":{"line":16,"column":29},"end":{"line":16,"column":46}},"12":{"start":{"line":17,"column":16},"end":{"line":17,"column":50}},"13":{"start":{"line":19,"column":16},"end":{"line":19,"column":56}},"14":{"start":{"line":23,"column":12},"end":{"line":31,"column":13}},"15":{"start":{"line":24,"column":16},"end":{"line":24,"column":56}},"16":{"start":{"line":25,"column":16},"end":{"line":25,"column":51}},"17":{"start":{"line":27,"column":16},"end":{"line":30,"column":19}},"18":{"start":{"line":36,"column":16},"end":{"line":50,"column":1}},"19":{"start":{"line":37,"column":19},"end":{"line":37,"column":32}},"20":{"start":{"line":38,"column":4},"end":{"line":40,"column":5}},"21":{"start":{"line":39,"column":8},"end":{"line":39,"column":48}},"22":{"start":{"line":41,"column":4},"end":{"line":49,"column":21}},"23":{"start":{"line":43,"column":12},"end":{"line":47,"column":13}},"24":{"start":{"line":44,"column":16},"end":{"line":44,"column":31}},"25":{"start":{"line":46,"column":16},"end":{"line":46,"column":56}},"26":{"start":{"line":52,"column":17},"end":{"line":70,"column":1}},"27":{"start":{"line":53,"column":19},"end":{"line":53,"column":40}},"28":{"start":{"line":54,"column":18},"end":{"line":54,"column":39}},"29":{"start":{"line":57,"column":8},"end":{"line":57,"column":17}},"30":{"start":{"line":58,"column":4},"end":{"line":58,"column":42}},"31":{"start":{"line":59,"column":4},"end":{"line":59,"column":43}},"32":{"start":{"line":60,"column":4},"end":{"line":69,"column":21}},"33":{"start":{"line":68,"column":23},"end":{"line":68,"column":38}},"34":{"start":{"line":73,"column":4},"end":{"line":75,"column":5}},"35":{"start":{"line":74,"column":8},"end":{"line":74,"column":48}},"36":{"start":{"line":79,"column":0},"end":{"line":83,"column":1}}},"fnMap":{"0":{"name":"(anonymous_0)","decl":{"start":{"line":10,"column":19},"end":{"line":10,"column":20}},"loc":{"start":{"line":10,"column":45},"end":{"line":34,"column":1}},"line":10},"1":{"name":"(anonymous_1)","decl":{"start":{"line":14,"column":14},"end":{"line":14,"column":15}},"loc":{"start":{"line":14,"column":24},"end":{"line":21,"column":9}},"line":14},"2":{"name":"(anonymous_2)","decl":{"start":{"line":22,"column":14},"end":{"line":22,"column":15}},"loc":{"start":{"line":22,"column":30},"end":{"line":32,"column":9}},"line":22},"3":{"name":"(anonymous_3)","decl":{"start":{"line":36,"column":16},"end":{"line":36,"column":17}},"loc":{"start":{"line":36,"column":42},"end":{"line":50,"column":1}},"line":36},"4":{"name":"(anonymous_4)","decl":{"start":{"line":42,"column":14},"end":{"line":42,"column":15}},"loc":{"start":{"line":42,"column":22},"end":{"line":48,"column":9}},"line":42},"5":{"name":"(anonymous_5)","decl":{"start":{"line":52,"column":17},"end":{"line":52,"column":18}},"loc":{"start":{"line":52,"column":40},"end":{"line":70,"column":1}},"line":52},"6":{"name":"(anonymous_6)","decl":{"start":{"line":68,"column":14},"end":{"line":68,"column":15}},"loc":{"start":{"line":68,"column":23},"end":{"line":68,"column":38}},"line":68},"7":{"name":"validateIdIfPresent","decl":{"start":{"line":72,"column":9},"end":{"line":72,"column":28}},"loc":{"start":{"line":72,"column":33},"end":{"line":76,"column":1}},"line":72}},"branchMap":{"0":{"loc":{"start":{"line":15,"column":12},"end":{"line":20,"column":13}},"type":"if","locations":[{"start":{"line":15,"column":12},"end":{"line":20,"column":13}},{"start":{"line":18,"column":19},"end":{"line":20,"column":13}}],"line":15},"1":{"loc":{"start":{"line":23,"column":12},"end":{"line":31,"column":13}},"type":"if","locations":[{"start":{"line":23,"column":12},"end":{"line":31,"column":13}},{"start":{"line":26,"column":19},"end":{"line":31,"column":13}}],"line":23},"2":{"loc":{"start":{"line":38,"column":4},"end":{"line":40,"column":5}},"type":"if","locations":[{"start":{"line":38,"column":4},"end":{"line":40,"column":5}},{"start":{},"end":{}}],"line":38},"3":{"loc":{"start":{"line":43,"column":12},"end":{"line":47,"column":13}},"type":"if","locations":[{"start":{"line":43,"column":12},"end":{"line":47,"column":13}},{"start":{"line":45,"column":19},"end":{"line":47,"column":13}}],"line":43},"4":{"loc":{"start":{"line":53,"column":19},"end":{"line":53,"column":40}},"type":"binary-expr","locations":[{"start":{"line":53,"column":19},"end":{"line":53,"column":35}},{"start":{"line":53,"column":39},"end":{"line":53,"column":40}}],"line":53},"5":{"loc":{"start":{"line":54,"column":18},"end":{"line":54,"column":39}},"type":"binary-expr","locations":[{"start":{"line":54,"column":18},"end":{"line":54,"column":33}},{"start":{"line":54,"column":37},"end":{"line":54,"column":39}}],"line":54},"6":{"loc":{"start":{"line":73,"column":4},"end":{"line":75,"column":5}},"type":"if","locations":[{"start":{"line":73,"column":4},"end":{"line":75,"column":5}},{"start":{},"end":{}}],"line":73},"7":{"loc":{"start":{"line":73,"column":7},"end":{"line":73,"column":27}},"type":"binary-expr","locations":[{"start":{"line":73,"column":7},"end":{"line":73,"column":9}},{"start":{"line":73,"column":13},"end":{"line":73,"column":27}}],"line":73}},"s":{"0":1,"1":1,"2":1,"3":1,"4":1,"5":1,"6":1,"7":1,"8":0,"9":0,"10":0,"11":0,"12":0,"13":0,"14":0,"15":0,"16":0,"17":0,"18":1,"19":0,"20":0,"21":0,"22":0,"23":0,"24":0,"25":0,"26":1,"27":1,"28":1,"29":1,"30":1,"31":1,"32":1,"33":0,"34":2,"35":0,"36":1},"f":{"0":0,"1":0,"2":0,"3":0,"4":0,"5":1,"6":0,"7":2},"b":{"0":[0,0],"1":[0,0],"2":[0,0],"3":[0,0],"4":[1,0],"5":[1,0],"6":[0,2],"7":[2,0]},"_coverageSchema":"1a1c01bbd47fc00a2c39e90264f33305004495a9","hash":"74346c585523a7f6653b1fcfcb60c385b6c45609"}
,"E:\\Up\\Segundo semestre.Cuarto año\\Fullstack\\tp-snake-backend\\src\\errors\\APIError.js": {"path":"E:\\Up\\Segundo semestre.Cuarto año\\Fullstack\\tp-snake-backend\\src\\errors\\APIError.js","statementMap":{"0":{"start":{"line":1,"column":0},"end":{"line":7,"column":1}},"1":{"start":{"line":2,"column":11},"end":{"line":2,"column":21}},"2":{"start":{"line":4,"column":8},"end":{"line":4,"column":23}},"3":{"start":{"line":5,"column":8},"end":{"line":5,"column":37}}},"fnMap":{"0":{"name":"(anonymous_0)","decl":{"start":{"line":3,"column":4},"end":{"line":3,"column":5}},"loc":{"start":{"line":3,"column":41},"end":{"line":6,"column":5}},"line":3}},"branchMap":{},"s":{"0":2,"1":0,"2":0,"3":0},"f":{"0":0},"b":{},"_coverageSchema":"1a1c01bbd47fc00a2c39e90264f33305004495a9","hash":"f5118e14b67fe6d9be1f205986b063c994d4afc5"}
,"E:\\Up\\Segundo semestre.Cuarto año\\Fullstack\\tp-snake-backend\\src\\errors\\SocketError.js": {"path":"E:\\Up\\Segundo semestre.Cuarto año\\Fullstack\\tp-snake-backend\\src\\errors\\SocketError.js","statementMap":{"0":{"start":{"line":1,"column":0},"end":{"line":6,"column":1}},"1":{"start":{"line":2,"column":11},"end":{"line":2,"column":24}},"2":{"start":{"line":4,"column":8},"end":{"line":4,"column":23}}},"fnMap":{"0":{"name":"(anonymous_0)","decl":{"start":{"line":3,"column":4},"end":{"line":3,"column":5}},"loc":{"start":{"line":3,"column":29},"end":{"line":5,"column":5}},"line":3}},"branchMap":{},"s":{"0":1,"1":0,"2":0},"f":{"0":0},"b":{},"_coverageSchema":"1a1c01bbd47fc00a2c39e90264f33305004495a9","hash":"c72ff218620245580ed720fbce73c17c76d6d179"}
,"E:\\Up\\Segundo semestre.Cuarto año\\Fullstack\\tp-snake-backend\\src\\models\\game.js": {"path":"E:\\Up\\Segundo semestre.Cuarto año\\Fullstack\\tp-snake-backend\\src\\models\\game.js","statementMap":{"0":{"start":{"line":1,"column":32},"end":{"line":1,"column":51}},"1":{"start":{"line":2,"column":25},"end":{"line":2,"column":44}},"2":{"start":{"line":3,"column":17},"end":{"line":3,"column":54}},"3":{"start":{"line":5,"column":19},"end":{"line":38,"column":1}},"4":{"start":{"line":40,"column":0},"end":{"line":45,"column":3}},"5":{"start":{"line":42,"column":8},"end":{"line":42,"column":32}},"6":{"start":{"line":43,"column":8},"end":{"line":43,"column":26}},"7":{"start":{"line":47,"column":13},"end":{"line":47,"column":38}},"8":{"start":{"line":48,"column":0},"end":{"line":50,"column":1}}},"fnMap":{"0":{"name":"(anonymous_0)","decl":{"start":{"line":41,"column":15},"end":{"line":41,"column":16}},"loc":{"start":{"line":41,"column":37},"end":{"line":44,"column":5}},"line":41}},"branchMap":{},"s":{"0":1,"1":1,"2":1,"3":1,"4":1,"5":0,"6":0,"7":1,"8":1},"f":{"0":0},"b":{},"_coverageSchema":"1a1c01bbd47fc00a2c39e90264f33305004495a9","hash":"71074a4cc13152ec48214abf4b94d465aec69760"}
,"E:\\Up\\Segundo semestre.Cuarto año\\Fullstack\\tp-snake-backend\\src\\models\\player.js": {"path":"E:\\Up\\Segundo semestre.Cuarto año\\Fullstack\\tp-snake-backend\\src\\models\\player.js","statementMap":{"0":{"start":{"line":1,"column":26},"end":{"line":1,"column":45}},"1":{"start":{"line":2,"column":19},"end":{"line":2,"column":56}},"2":{"start":{"line":3,"column":14},"end":{"line":3,"column":43}},"3":{"start":{"line":5,"column":21},"end":{"line":39,"column":1}},"4":{"start":{"line":41,"column":0},"end":{"line":44,"column":3}},"5":{"start":{"line":42,"column":4},"end":{"line":42,"column":76}},"6":{"start":{"line":43,"column":4},"end":{"line":43,"column":11}},"7":{"start":{"line":46,"column":0},"end":{"line":53,"column":3}},"8":{"start":{"line":48,"column":8},"end":{"line":48,"column":32}},"9":{"start":{"line":49,"column":8},"end":{"line":49,"column":54}},"10":{"start":{"line":50,"column":8},"end":{"line":50,"column":26}},"11":{"start":{"line":51,"column":8},"end":{"line":51,"column":31}},"12":{"start":{"line":55,"column":15},"end":{"line":55,"column":44}},"13":{"start":{"line":56,"column":0},"end":{"line":59,"column":1}}},"fnMap":{"0":{"name":"(anonymous_0)","decl":{"start":{"line":41,"column":40},"end":{"line":41,"column":41}},"loc":{"start":{"line":41,"column":55},"end":{"line":44,"column":1}},"line":41},"1":{"name":"(anonymous_1)","decl":{"start":{"line":47,"column":15},"end":{"line":47,"column":16}},"loc":{"start":{"line":47,"column":37},"end":{"line":52,"column":5}},"line":47}},"branchMap":{"0":{"loc":{"start":{"line":42,"column":20},"end":{"line":42,"column":75}},"type":"cond-expr","locations":[{"start":{"line":42,"column":39},"end":{"line":42,"column":71}},{"start":{"line":42,"column":74},"end":{"line":42,"column":75}}],"line":42}},"s":{"0":2,"1":2,"2":2,"3":2,"4":2,"5":0,"6":0,"7":2,"8":0,"9":0,"10":0,"11":0,"12":2,"13":2},"f":{"0":0,"1":0},"b":{"0":[0,0]},"_coverageSchema":"1a1c01bbd47fc00a2c39e90264f33305004495a9","hash":"af32a3dd55aeac08c9072b40d45f89b877f83b64"}
,"E:\\Up\\Segundo semestre.Cuarto año\\Fullstack\\tp-snake-backend\\src\\services\\game.service.js": {"path":"E:\\Up\\Segundo semestre.Cuarto año\\Fullstack\\tp-snake-backend\\src\\services\\game.service.js","statementMap":{"0":{"start":{"line":1,"column":17},"end":{"line":1,"column":42}},"1":{"start":{"line":3,"column":17},"end":{"line":3,"column":46}},"2":{"start":{"line":3,"column":25},"end":{"line":3,"column":46}},"3":{"start":{"line":4,"column":21},"end":{"line":4,"column":44}},"4":{"start":{"line":4,"column":27},"end":{"line":4,"column":44}},"5":{"start":{"line":5,"column":17},"end":{"line":5,"column":42}},"6":{"start":{"line":5,"column":26},"end":{"line":5,"column":42}},"7":{"start":{"line":7,"column":0},"end":{"line":11,"column":1}}},"fnMap":{"0":{"name":"(anonymous_0)","decl":{"start":{"line":3,"column":17},"end":{"line":3,"column":18}},"loc":{"start":{"line":3,"column":25},"end":{"line":3,"column":46}},"line":3},"1":{"name":"(anonymous_1)","decl":{"start":{"line":4,"column":21},"end":{"line":4,"column":22}},"loc":{"start":{"line":4,"column":27},"end":{"line":4,"column":44}},"line":4},"2":{"name":"(anonymous_2)","decl":{"start":{"line":5,"column":17},"end":{"line":5,"column":18}},"loc":{"start":{"line":5,"column":26},"end":{"line":5,"column":42}},"line":5}},"branchMap":{},"s":{"0":1,"1":1,"2":0,"3":1,"4":0,"5":1,"6":0,"7":1},"f":{"0":0,"1":0,"2":0},"b":{},"_coverageSchema":"1a1c01bbd47fc00a2c39e90264f33305004495a9","hash":"894247ba8f20a4f1a005755f3491ad6481a0b2f4"}
,"E:\\Up\\Segundo semestre.Cuarto año\\Fullstack\\tp-snake-backend\\src\\services\\players.service.js": {"path":"E:\\Up\\Segundo semestre.Cuarto año\\Fullstack\\tp-snake-backend\\src\\services\\players.service.js","statementMap":{"0":{"start":{"line":1,"column":19},"end":{"line":1,"column":46}},"1":{"start":{"line":3,"column":23},"end":{"line":3,"column":60}},"2":{"start":{"line":3,"column":35},"end":{"line":3,"column":60}},"3":{"start":{"line":4,"column":19},"end":{"line":4,"column":46}},"4":{"start":{"line":4,"column":28},"end":{"line":4,"column":46}},"5":{"start":{"line":5,"column":21},"end":{"line":5,"column":91}},"6":{"start":{"line":5,"column":48},"end":{"line":5,"column":91}},"7":{"start":{"line":6,"column":21},"end":{"line":6,"column":55}},"8":{"start":{"line":6,"column":27},"end":{"line":6,"column":55}},"9":{"start":{"line":7,"column":23},"end":{"line":7,"column":48}},"10":{"start":{"line":7,"column":29},"end":{"line":7,"column":48}},"11":{"start":{"line":8,"column":19},"end":{"line":8,"column":54}},"12":{"start":{"line":8,"column":29},"end":{"line":8,"column":54}},"13":{"start":{"line":10,"column":0},"end":{"line":17,"column":1}}},"fnMap":{"0":{"name":"(anonymous_0)","decl":{"start":{"line":3,"column":23},"end":{"line":3,"column":24}},"loc":{"start":{"line":3,"column":35},"end":{"line":3,"column":60}},"line":3},"1":{"name":"(anonymous_1)","decl":{"start":{"line":4,"column":19},"end":{"line":4,"column":20}},"loc":{"start":{"line":4,"column":28},"end":{"line":4,"column":46}},"line":4},"2":{"name":"(anonymous_2)","decl":{"start":{"line":5,"column":21},"end":{"line":5,"column":22}},"loc":{"start":{"line":5,"column":48},"end":{"line":5,"column":91}},"line":5},"3":{"name":"(anonymous_3)","decl":{"start":{"line":6,"column":21},"end":{"line":6,"column":22}},"loc":{"start":{"line":6,"column":27},"end":{"line":6,"column":55}},"line":6},"4":{"name":"(anonymous_4)","decl":{"start":{"line":7,"column":23},"end":{"line":7,"column":24}},"loc":{"start":{"line":7,"column":29},"end":{"line":7,"column":48}},"line":7},"5":{"name":"(anonymous_5)","decl":{"start":{"line":8,"column":19},"end":{"line":8,"column":20}},"loc":{"start":{"line":8,"column":29},"end":{"line":8,"column":54}},"line":8}},"branchMap":{},"s":{"0":1,"1":1,"2":0,"3":1,"4":0,"5":1,"6":0,"7":1,"8":0,"9":1,"10":0,"11":1,"12":0,"13":1},"f":{"0":0,"1":0,"2":0,"3":0,"4":0,"5":0},"b":{},"_coverageSchema":"1a1c01bbd47fc00a2c39e90264f33305004495a9","hash":"249b3c01c90cc5ff0bf34fd7226c5eeb0082e2d0"}
,"E:\\Up\\Segundo semestre.Cuarto año\\Fullstack\\tp-snake-backend\\src\\utils\\array.utils.js": {"path":"E:\\Up\\Segundo semestre.Cuarto año\\Fullstack\\tp-snake-backend\\src\\utils\\array.utils.js","statementMap":{"0":{"start":{"line":1,"column":25},"end":{"line":1,"column":59}},"1":{"start":{"line":1,"column":37},"end":{"line":1,"column":59}},"2":{"start":{"line":3,"column":0},"end":{"line":5,"column":1}}},"fnMap":{"0":{"name":"(anonymous_0)","decl":{"start":{"line":1,"column":25},"end":{"line":1,"column":26}},"loc":{"start":{"line":1,"column":37},"end":{"line":1,"column":59}},"line":1}},"branchMap":{},"s":{"0":1,"1":0,"2":1},"f":{"0":0},"b":{},"_coverageSchema":"1a1c01bbd47fc00a2c39e90264f33305004495a9","hash":"fc55b2f5bc46e28e2c57a65c9e9addbf83e155f1"}
,"E:\\Up\\Segundo semestre.Cuarto año\\Fullstack\\tp-snake-backend\\src\\utils\\controller.utils.js": {"path":"E:\\Up\\Segundo semestre.Cuarto año\\Fullstack\\tp-snake-backend\\src\\utils\\controller.utils.js","statementMap":{"0":{"start":{"line":1,"column":22},"end":{"line":1,"column":37}},"1":{"start":{"line":2,"column":17},"end":{"line":2,"column":46}},"2":{"start":{"line":4,"column":38},"end":{"line":10,"column":1}},"3":{"start":{"line":5,"column":21},"end":{"line":5,"column":32}},"4":{"start":{"line":6,"column":4},"end":{"line":8,"column":5}},"5":{"start":{"line":7,"column":8},"end":{"line":7,"column":48}},"6":{"start":{"line":9,"column":4},"end":{"line":9,"column":20}},"7":{"start":{"line":12,"column":0},"end":{"line":14,"column":1}}},"fnMap":{"0":{"name":"(anonymous_0)","decl":{"start":{"line":4,"column":38},"end":{"line":4,"column":39}},"loc":{"start":{"line":4,"column":47},"end":{"line":10,"column":1}},"line":4}},"branchMap":{"0":{"loc":{"start":{"line":6,"column":4},"end":{"line":8,"column":5}},"type":"if","locations":[{"start":{"line":6,"column":4},"end":{"line":8,"column":5}},{"start":{},"end":{}}],"line":6}},"s":{"0":1,"1":1,"2":1,"3":0,"4":0,"5":0,"6":0,"7":1},"f":{"0":0},"b":{"0":[0,0]},"_coverageSchema":"1a1c01bbd47fc00a2c39e90264f33305004495a9","hash":"97eb6b2522008a3b49d30ef0fb24669bfc382f76"}
,"E:\\Up\\Segundo semestre.Cuarto año\\Fullstack\\tp-snake-backend\\src\\utils\\math.utils.js": {"path":"E:\\Up\\Segundo semestre.Cuarto año\\Fullstack\\tp-snake-backend\\src\\utils\\math.utils.js","statementMap":{"0":{"start":{"line":1,"column":18},"end":{"line":5,"column":1}},"1":{"start":{"line":2,"column":4},"end":{"line":2,"column":25}},"2":{"start":{"line":3,"column":4},"end":{"line":3,"column":26}},"3":{"start":{"line":4,"column":4},"end":{"line":4,"column":61}},"4":{"start":{"line":7,"column":0},"end":{"line":9,"column":1}}},"fnMap":{"0":{"name":"(anonymous_0)","decl":{"start":{"line":1,"column":18},"end":{"line":1,"column":19}},"loc":{"start":{"line":1,"column":32},"end":{"line":5,"column":1}},"line":1}},"branchMap":{},"s":{"0":1,"1":0,"2":0,"3":0,"4":1},"f":{"0":0},"b":{},"_coverageSchema":"1a1c01bbd47fc00a2c39e90264f33305004495a9","hash":"b779c8cb8cb5d4b564f604a9a272f13f4988e933"}
,"E:\\Up\\Segundo semestre.Cuarto año\\Fullstack\\tp-snake-backend\\src\\utils\\socket.utils.js": {"path":"E:\\Up\\Segundo semestre.Cuarto año\\Fullstack\\tp-snake-backend\\src\\utils\\socket.utils.js","statementMap":{"0":{"start":{"line":1,"column":27},"end":{"line":1,"column":75}},"1":{"start":{"line":1,"column":46},"end":{"line":1,"column":75}},"2":{"start":{"line":3,"column":0},"end":{"line":5,"column":1}}},"fnMap":{"0":{"name":"(anonymous_0)","decl":{"start":{"line":1,"column":27},"end":{"line":1,"column":28}},"loc":{"start":{"line":1,"column":46},"end":{"line":1,"column":75}},"line":1}},"branchMap":{},"s":{"0":1,"1":0,"2":1},"f":{"0":0},"b":{},"_coverageSchema":"1a1c01bbd47fc00a2c39e90264f33305004495a9","hash":"91aa8935bdea15b9ce44c6e6e0f46baacebc0e13"}
,"E:\\Up\\Segundo semestre.Cuarto año\\Fullstack\\tp-snake-backend\\src\\utils\\db\\ComplexQueryBuilder.js": {"path":"E:\\Up\\Segundo semestre.Cuarto año\\Fullstack\\tp-snake-backend\\src\\utils\\db\\ComplexQueryBuilder.js","statementMap":{"0":{"start":{"line":1,"column":34},"end":{"line":1,"column":55}},"1":{"start":{"line":8,"column":29},"end":{"line":8,"column":54}},"2":{"start":{"line":9,"column":8},"end":{"line":9,"column":36}},"3":{"start":{"line":10,"column":8},"end":{"line":10,"column":28}},"4":{"start":{"line":14,"column":8},"end":{"line":14,"column":42}},"5":{"start":{"line":15,"column":8},"end":{"line":15,"column":20}},"6":{"start":{"line":18,"column":8},"end":{"line":20,"column":9}},"7":{"start":{"line":19,"column":12},"end":{"line":19,"column":50}},"8":{"start":{"line":21,"column":8},"end":{"line":21,"column":20}},"9":{"start":{"line":25,"column":8},"end":{"line":25,"column":77}},"10":{"start":{"line":26,"column":8},"end":{"line":26,"column":20}},"11":{"start":{"line":30,"column":8},"end":{"line":30,"column":62}},"12":{"start":{"line":31,"column":8},"end":{"line":31,"column":20}},"13":{"start":{"line":35,"column":8},"end":{"line":35,"column":33}},"14":{"start":{"line":36,"column":8},"end":{"line":36,"column":20}},"15":{"start":{"line":40,"column":8},"end":{"line":40,"column":33}},"16":{"start":{"line":41,"column":8},"end":{"line":41,"column":20}},"17":{"start":{"line":45,"column":8},"end":{"line":45,"column":27}},"18":{"start":{"line":49,"column":0},"end":{"line":51,"column":1}}},"fnMap":{"0":{"name":"(anonymous_0)","decl":{"start":{"line":7,"column":4},"end":{"line":7,"column":5}},"loc":{"start":{"line":7,"column":28},"end":{"line":11,"column":5}},"line":7},"1":{"name":"(anonymous_1)","decl":{"start":{"line":13,"column":4},"end":{"line":13,"column":5}},"loc":{"start":{"line":13,"column":26},"end":{"line":16,"column":5}},"line":13},"2":{"name":"(anonymous_2)","decl":{"start":{"line":17,"column":4},"end":{"line":17,"column":5}},"loc":{"start":{"line":17,"column":30},"end":{"line":22,"column":5}},"line":17},"3":{"name":"(anonymous_3)","decl":{"start":{"line":24,"column":4},"end":{"line":24,"column":5}},"loc":{"start":{"line":24,"column":35},"end":{"line":27,"column":5}},"line":24},"4":{"name":"(anonymous_4)","decl":{"start":{"line":29,"column":4},"end":{"line":29,"column":5}},"loc":{"start":{"line":29,"column":31},"end":{"line":32,"column":5}},"line":29},"5":{"name":"(anonymous_5)","decl":{"start":{"line":34,"column":4},"end":{"line":34,"column":5}},"loc":{"start":{"line":34,"column":17},"end":{"line":37,"column":5}},"line":34},"6":{"name":"(anonymous_6)","decl":{"start":{"line":39,"column":4},"end":{"line":39,"column":5}},"loc":{"start":{"line":39,"column":17},"end":{"line":42,"column":5}},"line":39},"7":{"name":"(anonymous_7)","decl":{"start":{"line":44,"column":4},"end":{"line":44,"column":5}},"loc":{"start":{"line":44,"column":12},"end":{"line":46,"column":5}},"line":44}},"branchMap":{"0":{"loc":{"start":{"line":18,"column":8},"end":{"line":20,"column":9}},"type":"if","locations":[{"start":{"line":18,"column":8},"end":{"line":20,"column":9}},{"start":{},"end":{}}],"line":18}},"s":{"0":2,"1":1,"2":1,"3":1,"4":0,"5":0,"6":3,"7":0,"8":3,"9":1,"10":1,"11":0,"12":0,"13":1,"14":0,"15":0,"16":0,"17":0,"18":2},"f":{"0":1,"1":0,"2":3,"3":1,"4":0,"5":1,"6":0,"7":0},"b":{"0":[0,3]},"_coverageSchema":"1a1c01bbd47fc00a2c39e90264f33305004495a9","hash":"ce798db860e28b5fc440ec13787f51649cc7e82b"}
,"E:\\Up\\Segundo semestre.Cuarto año\\Fullstack\\tp-snake-backend\\src\\utils\\db\\db.utils.js": {"path":"E:\\Up\\Segundo semestre.Cuarto año\\Fullstack\\tp-snake-backend\\src\\utils\\db\\db.utils.js","statementMap":{"0":{"start":{"line":1,"column":18},"end":{"line":1,"column":37}},"1":{"start":{"line":2,"column":19},"end":{"line":2,"column":59}},"2":{"start":{"line":4,"column":18},"end":{"line":4,"column":52}},"3":{"start":{"line":4,"column":26},"end":{"line":4,"column":52}},"4":{"start":{"line":6,"column":19},"end":{"line":17,"column":1}},"5":{"start":{"line":7,"column":4},"end":{"line":7,"column":35}},"6":{"start":{"line":8,"column":4},"end":{"line":16,"column":5}},"7":{"start":{"line":9,"column":8},"end":{"line":9,"column":55}},"8":{"start":{"line":10,"column":11},"end":{"line":16,"column":5}},"9":{"start":{"line":11,"column":8},"end":{"line":11,"column":46}},"10":{"start":{"line":12,"column":11},"end":{"line":16,"column":5}},"11":{"start":{"line":13,"column":8},"end":{"line":13,"column":46}},"12":{"start":{"line":15,"column":8},"end":{"line":15,"column":21}},"13":{"start":{"line":19,"column":20},"end":{"line":23,"column":1}},"14":{"start":{"line":20,"column":4},"end":{"line":22,"column":5}},"15":{"start":{"line":21,"column":8},"end":{"line":21,"column":68}},"16":{"start":{"line":25,"column":19},"end":{"line":25,"column":123}},"17":{"start":{"line":25,"column":46},"end":{"line":25,"column":123}},"18":{"start":{"line":27,"column":0},"end":{"line":31,"column":1}}},"fnMap":{"0":{"name":"(anonymous_0)","decl":{"start":{"line":4,"column":18},"end":{"line":4,"column":19}},"loc":{"start":{"line":4,"column":26},"end":{"line":4,"column":52}},"line":4},"1":{"name":"(anonymous_1)","decl":{"start":{"line":6,"column":19},"end":{"line":6,"column":20}},"loc":{"start":{"line":6,"column":54},"end":{"line":17,"column":1}},"line":6},"2":{"name":"(anonymous_2)","decl":{"start":{"line":19,"column":20},"end":{"line":19,"column":21}},"loc":{"start":{"line":19,"column":44},"end":{"line":23,"column":1}},"line":19},"3":{"name":"(anonymous_3)","decl":{"start":{"line":25,"column":19},"end":{"line":25,"column":20}},"loc":{"start":{"line":25,"column":46},"end":{"line":25,"column":123}},"line":25}},"branchMap":{"0":{"loc":{"start":{"line":8,"column":4},"end":{"line":16,"column":5}},"type":"if","locations":[{"start":{"line":8,"column":4},"end":{"line":16,"column":5}},{"start":{"line":10,"column":11},"end":{"line":16,"column":5}}],"line":8},"1":{"loc":{"start":{"line":8,"column":7},"end":{"line":8,"column":17}},"type":"binary-expr","locations":[{"start":{"line":8,"column":7},"end":{"line":8,"column":10}},{"start":{"line":8,"column":14},"end":{"line":8,"column":17}}],"line":8},"2":{"loc":{"start":{"line":10,"column":11},"end":{"line":16,"column":5}},"type":"if","locations":[{"start":{"line":10,"column":11},"end":{"line":16,"column":5}},{"start":{"line":12,"column":11},"end":{"line":16,"column":5}}],"line":10},"3":{"loc":{"start":{"line":12,"column":11},"end":{"line":16,"column":5}},"type":"if","locations":[{"start":{"line":12,"column":11},"end":{"line":16,"column":5}},{"start":{"line":14,"column":11},"end":{"line":16,"column":5}}],"line":12},"4":{"loc":{"start":{"line":20,"column":4},"end":{"line":22,"column":5}},"type":"if","locations":[{"start":{"line":20,"column":4},"end":{"line":22,"column":5}},{"start":{},"end":{}}],"line":20},"5":{"loc":{"start":{"line":20,"column":7},"end":{"line":20,"column":30}},"type":"binary-expr","locations":[{"start":{"line":20,"column":7},"end":{"line":20,"column":10}},{"start":{"line":20,"column":14},"end":{"line":20,"column":17}},{"start":{"line":20,"column":21},"end":{"line":20,"column":30}}],"line":20},"6":{"loc":{"start":{"line":25,"column":46},"end":{"line":25,"column":123}},"type":"cond-expr","locations":[{"start":{"line":25,"column":55},"end":{"line":25,"column":115}},{"start":{"line":25,"column":118},"end":{"line":25,"column":123}}],"line":25}},"s":{"0":1,"1":1,"2":1,"3":0,"4":1,"5":0,"6":0,"7":0,"8":0,"9":0,"10":0,"11":0,"12":0,"13":1,"14":0,"15":0,"16":1,"17":0,"18":1},"f":{"0":0,"1":0,"2":0,"3":0},"b":{"0":[0,0],"1":[0,0],"2":[0,0],"3":[0,0],"4":[0,0],"5":[0,0,0],"6":[0,0]},"_coverageSchema":"1a1c01bbd47fc00a2c39e90264f33305004495a9","hash":"b378018b8c03dbad95d91c1b6902b0b79ecc7479"}
,"E:\\Up\\Segundo semestre.Cuarto año\\Fullstack\\tp-snake-backend\\src\\utils\\db\\index.js": {"path":"E:\\Up\\Segundo semestre.Cuarto año\\Fullstack\\tp-snake-backend\\src\\utils\\db\\index.js","statementMap":{"0":{"start":{"line":1,"column":0},"end":{"line":4,"column":1}}},"fnMap":{},"branchMap":{},"s":{"0":2},"f":{},"b":{},"_coverageSchema":"1a1c01bbd47fc00a2c39e90264f33305004495a9","hash":"768ad4d40f293317b793ed3a4825efb1c42dd4d8"}
}
