TN:
SF:src\configs\game.config.js
FNF:0
FNH:0
DA:1,1
DA:2,1
DA:3,1
DA:4,1
DA:5,1
DA:6,1
DA:8,1
DA:16,1
DA:17,0
DA:20,1
LF:10
LH:9
BRDA:16,0,0,0
BRDA:16,0,1,1
BRF:2
BRH:1
end_of_record
TN:
SF:src\configs\jwt.config.js
FNF:0
FNH:0
DA:1,1
LF:1
LH:1
BRF:0
BRH:0
end_of_record
TN:
SF:src\constants\errorMessages.js
FN:8,(anonymous_0)
FN:10,(anonymous_1)
FNF:2
FNH:0
FNDA:0,(anonymous_0)
FNDA:0,(anonymous_1)
DA:1,10
DA:8,0
DA:10,0
DA:26,10
LF:4
LH:2
BRF:0
BRH:0
end_of_record
TN:
SF:src\constants\events.js
FNF:0
FNH:0
DA:1,1
DA:10,1
DA:17,1
LF:3
LH:3
BRF:0
BRH:0
end_of_record
TN:
SF:src\constants\regex.js
FNF:0
FNH:0
DA:1,5
DA:5,5
LF:2
LH:2
BRF:0
BRH:0
end_of_record
TN:
SF:src\controllers\game.controller.js
FN:10,(anonymous_0)
FN:14,(anonymous_1)
FN:22,(anonymous_2)
FN:36,(anonymous_3)
FN:42,(anonymous_4)
FN:52,(anonymous_5)
FN:68,(anonymous_6)
FN:72,validateIdIfPresent
FNF:8
FNH:7
FNDA:3,(anonymous_0)
FNDA:3,(anonymous_1)
FNDA:2,(anonymous_2)
FNDA:3,(anonymous_3)
FNDA:1,(anonymous_4)
FNDA:2,(anonymous_5)
FNDA:0,(anonymous_6)
FNDA:3,validateIdIfPresent
DA:1,1
DA:2,1
DA:3,1
DA:4,1
DA:5,1
DA:6,1
DA:7,1
DA:10,1
DA:11,3
DA:13,3
DA:15,3
DA:16,2
DA:17,2
DA:19,1
DA:23,2
DA:24,1
DA:25,1
DA:27,1
DA:36,1
DA:37,3
DA:38,3
DA:39,2
DA:41,1
DA:43,1
DA:44,1
DA:46,0
DA:52,1
DA:53,2
DA:54,2
DA:57,2
DA:58,2
DA:59,1
DA:60,1
DA:68,0
DA:73,3
DA:74,1
DA:79,1
LF:37
LH:35
BRDA:15,0,0,2
BRDA:15,0,1,1
BRDA:23,1,0,1
BRDA:23,1,1,1
BRDA:38,2,0,2
BRDA:38,2,1,1
BRDA:43,3,0,1
BRDA:43,3,1,0
BRDA:53,4,0,2
BRDA:53,4,1,1
BRDA:54,5,0,2
BRDA:54,5,1,1
BRDA:73,6,0,1
BRDA:73,6,1,2
BRDA:73,7,0,3
BRDA:73,7,1,1
BRF:16
BRH:15
end_of_record
TN:
SF:src\controllers\players.controller.js
FN:9,(anonymous_0)
FN:17,(anonymous_1)
FN:18,(anonymous_2)
FN:28,(anonymous_3)
FN:32,(anonymous_4)
FN:38,(anonymous_5)
FN:47,(anonymous_6)
FN:65,(anonymous_7)
FN:69,(anonymous_8)
FN:73,(anonymous_9)
FN:83,(anonymous_10)
FN:89,(anonymous_11)
FN:90,(anonymous_12)
FN:91,(anonymous_13)
FN:98,(anonymous_14)
FN:108,(anonymous_15)
FN:111,(anonymous_16)
FN:117,(anonymous_17)
FN:120,(anonymous_18)
FN:124,(anonymous_19)
FNF:20
FNH:17
FNDA:2,(anonymous_0)
FNDA:2,(anonymous_1)
FNDA:2,(anonymous_2)
FNDA:1,(anonymous_3)
FNDA:3,(anonymous_4)
FNDA:2,(anonymous_5)
FNDA:1,(anonymous_6)
FNDA:0,(anonymous_7)
FNDA:2,(anonymous_8)
FNDA:2,(anonymous_9)
FNDA:3,(anonymous_10)
FNDA:3,(anonymous_11)
FNDA:3,(anonymous_12)
FNDA:0,(anonymous_13)
FNDA:2,(anonymous_14)
FNDA:1,(anonymous_15)
FNDA:1,(anonymous_16)
FNDA:1,(anonymous_17)
FNDA:1,(anonymous_18)
FNDA:0,(anonymous_19)
DA:1,1
DA:2,1
DA:3,1
DA:4,1
DA:5,1
DA:6,1
DA:7,1
DA:9,1
DA:10,2
DA:11,2
DA:16,2
DA:17,2
DA:19,2
DA:20,1
DA:25,1
DA:28,1
DA:32,1
DA:33,3
DA:34,3
DA:35,1
DA:37,2
DA:39,2
DA:40,1
DA:42,1
DA:47,1
DA:48,1
DA:49,1
DA:54,1
DA:56,1
DA:65,0
DA:69,1
DA:70,2
DA:72,2
DA:74,2
DA:75,1
DA:77,1
DA:83,1
DA:84,3
DA:85,3
DA:86,3
DA:88,3
DA:89,3
DA:91,3
DA:92,3
DA:93,1
DA:95,2
DA:99,2
DA:100,1
DA:102,1
DA:108,1
DA:109,1
DA:110,1
DA:112,1
DA:117,1
DA:118,1
DA:119,1
DA:121,1
DA:122,1
DA:124,0
DA:125,0
DA:126,0
DA:133,1
LF:62
LH:58
BRDA:19,0,0,1
BRDA:19,0,1,1
BRDA:34,1,0,1
BRDA:34,1,1,2
BRDA:39,2,0,1
BRDA:39,2,1,1
BRDA:48,3,0,1
BRDA:48,3,1,1
BRDA:49,4,0,1
BRDA:49,4,1,1
BRDA:74,5,0,1
BRDA:74,5,1,1
BRDA:92,6,0,1
BRDA:92,6,1,2
BRDA:99,7,0,1
BRDA:99,7,1,1
BRDA:121,8,0,1
BRDA:121,8,1,0
BRDA:125,9,0,0
BRDA:125,9,1,0
BRF:20
BRH:17
end_of_record
TN:
SF:src\errors\APIError.js
FN:3,(anonymous_0)
FNF:1
FNH:1
FNDA:12,(anonymous_0)
DA:1,4
DA:2,12
DA:4,12
DA:5,12
LF:4
LH:4
BRF:0
BRH:0
end_of_record
TN:
SF:src\errors\EnvironmentError.js
FN:5,(anonymous_0)
FNF:1
FNH:0
FNDA:0,(anonymous_0)
DA:1,1
DA:3,1
DA:4,0
DA:6,0
LF:4
LH:2
BRDA:6,0,0,0
BRDA:6,0,1,0
BRF:2
BRH:0
end_of_record
TN:
SF:src\errors\SocketError.js
FN:3,(anonymous_0)
FNF:1
FNH:0
FNDA:0,(anonymous_0)
DA:1,1
DA:2,0
DA:4,0
LF:3
LH:1
BRF:0
BRH:0
end_of_record
TN:
SF:src\models\game.js
FN:41,(anonymous_0)
FNF:1
FNH:0
FNDA:0,(anonymous_0)
DA:1,2
DA:2,2
DA:3,2
DA:5,2
DA:40,2
DA:42,0
DA:43,0
DA:47,2
DA:48,2
LF:9
LH:7
BRF:0
BRH:0
end_of_record
TN:
SF:src\models\player.js
FN:41,(anonymous_0)
FN:47,(anonymous_1)
FNF:2
FNH:0
FNDA:0,(anonymous_0)
FNDA:0,(anonymous_1)
DA:1,5
DA:2,5
DA:3,5
DA:5,5
DA:41,5
DA:42,0
DA:43,0
DA:46,5
DA:48,0
DA:49,0
DA:50,0
DA:51,0
DA:55,5
DA:56,5
LF:14
LH:8
BRDA:42,0,0,0
BRDA:42,0,1,0
BRF:2
BRH:0
end_of_record
TN:
SF:src\services\game.service.js
FN:3,(anonymous_0)
FN:4,(anonymous_1)
FN:5,(anonymous_2)
FNF:3
FNH:3
FNDA:1,(anonymous_0)
FNDA:1,(anonymous_1)
FNDA:1,(anonymous_2)
DA:1,2
DA:3,2
DA:4,2
DA:5,2
DA:7,2
LF:5
LH:5
BRF:0
BRH:0
end_of_record
TN:
SF:src\services\players.service.js
FN:3,(anonymous_0)
FN:4,(anonymous_1)
FN:5,(anonymous_2)
FN:6,(anonymous_3)
FN:7,(anonymous_4)
FN:8,(anonymous_5)
FNF:6
FNH:6
FNDA:1,(anonymous_0)
FNDA:1,(anonymous_1)
FNDA:1,(anonymous_2)
FNDA:1,(anonymous_3)
FNDA:1,(anonymous_4)
FNDA:1,(anonymous_5)
DA:1,3
DA:3,3
DA:4,3
DA:5,3
DA:6,3
DA:7,3
DA:8,3
DA:10,3
LF:8
LH:8
BRF:0
BRH:0
end_of_record
TN:
SF:src\utils\array.utils.js
FN:1,(anonymous_0)
FNF:1
FNH:0
FNDA:0,(anonymous_0)
DA:1,1
DA:3,1
LF:2
LH:2
BRF:0
BRH:0
end_of_record
TN:
SF:src\utils\controller.utils.js
FN:4,(anonymous_0)
FNF:1
FNH:0
FNDA:0,(anonymous_0)
DA:1,2
DA:2,2
DA:4,2
DA:5,0
DA:6,0
DA:7,0
DA:9,0
DA:12,2
LF:8
LH:4
BRDA:6,0,0,0
BRDA:6,0,1,0
BRF:2
BRH:0
end_of_record
TN:
SF:src\utils\fileSystem.utils.js
FN:6,(anonymous_0)
FN:8,(anonymous_1)
FN:11,(anonymous_2)
FN:17,(anonymous_3)
FN:19,(anonymous_4)
FN:20,(anonymous_5)
FNF:6
FNH:0
FNDA:0,(anonymous_0)
FNDA:0,(anonymous_1)
FNDA:0,(anonymous_2)
FNDA:0,(anonymous_3)
FNDA:0,(anonymous_4)
FNDA:0,(anonymous_5)
DA:1,1
DA:2,1
DA:4,1
DA:6,1
DA:7,0
DA:9,0
DA:12,0
DA:13,0
DA:17,1
DA:18,0
DA:20,0
DA:21,0
DA:22,0
DA:24,0
DA:29,1
LF:15
LH:6
BRDA:9,0,0,0
BRDA:9,0,1,0
BRDA:17,1,0,0
BRDA:21,2,0,0
BRDA:21,2,1,0
BRDA:21,3,0,0
BRDA:21,3,1,0
BRF:7
BRH:0
end_of_record
TN:
SF:src\utils\math.utils.js
FN:1,(anonymous_0)
FNF:1
FNH:0
FNDA:0,(anonymous_0)
DA:1,1
DA:2,0
DA:3,0
DA:4,0
DA:7,1
LF:5
LH:2
BRF:0
BRH:0
end_of_record
TN:
SF:src\utils\security.utils.js
FN:6,(anonymous_0)
FN:8,(anonymous_1)
FN:9,(anonymous_2)
FN:11,(anonymous_3)
FN:13,(anonymous_4)
FN:15,(anonymous_5)
FNF:6
FNH:1
FNDA:0,(anonymous_0)
FNDA:0,(anonymous_1)
FNDA:0,(anonymous_2)
FNDA:5,(anonymous_3)
FNDA:0,(anonymous_4)
FNDA:0,(anonymous_5)
DA:1,1
DA:2,1
DA:3,1
DA:4,1
DA:6,1
DA:8,1
DA:9,1
DA:11,5
DA:13,1
DA:15,1
DA:16,0
DA:17,0
DA:19,0
DA:22,0
DA:23,0
DA:24,0
DA:25,0
DA:27,0
DA:30,1
LF:19
LH:11
BRDA:15,0,0,0
BRDA:16,1,0,0
BRDA:16,1,1,0
BRDA:22,2,0,0
BRDA:22,2,1,0
BRDA:22,3,0,0
BRDA:22,3,1,0
BRDA:24,4,0,0
BRDA:24,4,1,0
BRF:9
BRH:0
end_of_record
TN:
SF:src\utils\socket.utils.js
FN:1,(anonymous_0)
FNF:1
FNH:0
FNDA:0,(anonymous_0)
DA:1,1
DA:3,1
LF:2
LH:2
BRF:0
BRH:0
end_of_record
TN:
SF:src\utils\db\ComplexQueryBuilder.js
FN:7,(anonymous_0)
FN:13,(anonymous_1)
FN:17,(anonymous_2)
FN:24,(anonymous_3)
FN:29,(anonymous_4)
FN:34,(anonymous_5)
FN:39,(anonymous_6)
FN:44,(anonymous_7)
FNF:8
FNH:0
FNDA:0,(anonymous_0)
FNDA:0,(anonymous_1)
FNDA:0,(anonymous_2)
FNDA:0,(anonymous_3)
FNDA:0,(anonymous_4)
FNDA:0,(anonymous_5)
FNDA:0,(anonymous_6)
FNDA:0,(anonymous_7)
DA:1,2
DA:8,0
DA:9,0
DA:10,0
DA:14,0
DA:15,0
DA:18,0
DA:19,0
DA:21,0
DA:25,0
DA:26,0
DA:30,0
DA:31,0
DA:35,0
DA:36,0
DA:40,0
DA:41,0
DA:45,0
DA:49,2
LF:19
LH:2
BRDA:18,0,0,0
BRDA:18,0,1,0
BRF:2
BRH:0
end_of_record
TN:
SF:src\utils\db\db.utils.js
FN:4,(anonymous_0)
FN:6,(anonymous_1)
FN:19,(anonymous_2)
FN:25,(anonymous_3)
FNF:4
FNH:0
FNDA:0,(anonymous_0)
FNDA:0,(anonymous_1)
FNDA:0,(anonymous_2)
FNDA:0,(anonymous_3)
DA:1,2
DA:2,2
DA:4,2
DA:6,2
DA:7,0
DA:8,0
DA:9,0
DA:10,0
DA:11,0
DA:12,0
DA:13,0
DA:15,0
DA:19,2
DA:20,0
DA:21,0
DA:25,2
DA:27,2
LF:17
LH:7
BRDA:8,0,0,0
BRDA:8,0,1,0
BRDA:8,1,0,0
BRDA:8,1,1,0
BRDA:10,2,0,0
BRDA:10,2,1,0
BRDA:12,3,0,0
BRDA:12,3,1,0
BRDA:20,4,0,0
BRDA:20,4,1,0
BRDA:20,5,0,0
BRDA:20,5,1,0
BRDA:20,5,2,0
BRDA:25,6,0,0
BRDA:25,6,1,0
BRF:15
BRH:0
end_of_record
TN:
SF:src\utils\db\index.js
FNF:0
FNH:0
DA:1,2
LF:1
LH:1
BRF:0
BRH:0
end_of_record
